e:\visualprojects\cutterabnormal\cutterabnormal\x64\debug\vc141.pdb
e:\visualprojects\cutterabnormal\cutterabnormal\x64\debug\util.obj
e:\visualprojects\cutterabnormal\cutterabnormal\x64\debug\uioperation.obj
e:\visualprojects\cutterabnormal\cutterabnormal\x64\debug\standardvideo.obj
e:\visualprojects\cutterabnormal\cutterabnormal\x64\debug\pythoninterface.obj
e:\visualprojects\cutterabnormal\cutterabnormal\x64\debug\maketemplate.obj
e:\visualprojects\cutterabnormal\cutterabnormal\x64\debug\mainwindow.obj
e:\visualprojects\cutterabnormal\cutterabnormal\x64\debug\main.obj
e:\visualprojects\cutterabnormal\cutterabnormal\x64\debug\moc_mainwindow.obj
e:\visualprojects\cutterabnormal\cutterabnormal\x64\debug\cutter.obj
e:\visualprojects\cutterabnormal\cutterabnormal\x64\debug\qrc_mainwindow.obj
e:\visualprojects\cutterabnormal\cutterabnormal\generatedfiles\debug\moc_mainwindow.cpp
e:\visualprojects\cutterabnormal\cutterabnormal\generatedfiles\ui_mainwindow.h
e:\visualprojects\cutterabnormal\cutterabnormal\generatedfiles\qrc_mainwindow.cpp
e:\visualprojects\cutterabnormal\x64\debug\cutterabnormal.exe
e:\visualprojects\cutterabnormal\x64\debug\cutterabnormal.ilk
e:\visualprojects\cutterabnormal\x64\debug\cutterabnormal.pdb
e:\visualprojects\cutterabnormal\cutterabnormal\x64\debug\cutterabnormal.tlog\cl.command.1.tlog
e:\visualprojects\cutterabnormal\cutterabnormal\x64\debug\cutterabnormal.tlog\cl.read.1.tlog
e:\visualprojects\cutterabnormal\cutterabnormal\x64\debug\cutterabnormal.tlog\cl.write.1.tlog
e:\visualprojects\cutterabnormal\cutterabnormal\x64\debug\cutterabnormal.tlog\custombuild.command.1.tlog
e:\visualprojects\cutterabnormal\cutterabnormal\x64\debug\cutterabnormal.tlog\custombuild.read.1.tlog
e:\visualprojects\cutterabnormal\cutterabnormal\x64\debug\cutterabnormal.tlog\custombuild.write.1.tlog
e:\visualprojects\cutterabnormal\cutterabnormal\x64\debug\cutterabnormal.tlog\link.command.1.tlog
e:\visualprojects\cutterabnormal\cutterabnormal\x64\debug\cutterabnormal.tlog\link.read.1.tlog
e:\visualprojects\cutterabnormal\cutterabnormal\x64\debug\cutterabnormal.tlog\link.write.1.tlog
